#
# A fatal error has been detected by the Java Runtime Environment:
#
#  EXCEPTION_ACCESS_VIOLATION (0xc0000005) at pc=0x0000000073f56eeb, pid=440, tid=0x0000000000006278
#
# JRE version: Java(TM) SE Runtime Environment (8.0_102-b14) (build 1.8.0_102-b14)
# Java VM: Java HotSpot(TM) 64-Bit Server VM (25.102-b14 mixed mode windows-amd64 compressed oops)
# Problematic frame:
# V  [jvm.dll+0x126eeb]
#
# Failed to write core dump. Minidumps are not enabled by default on client versions of Windows
#
# If you would like to submit a bug report, please visit:
#   http://bugreport.java.com/bugreport/crash.jsp
#

---------------  T H R E A D  ---------------

Current thread (0x0000000025f18800):  JavaThread "http-nio-8080-exec-1" daemon [_thread_in_vm, id=25208, stack(0x0000000029790000,0x0000000029890000)]

siginfo: ExceptionCode=0xc0000005, reading address 0x0000000000190073

Registers:
RAX=0x000000002988ca30, RBX=0x00000007c084ec60, RCX=0x000000000000000e, RDX=0x0000000000000238
RSP=0x000000002988c6d0, RBP=0x000000002988c791, RSI=0x0000000000000000, RDI=0x000000001e82f640
R8 =0x0000000028469740, R9 =0x0000000000000001, R10=0x0000000000000042, R11=0x0000000000000042
R12=0x0000000000000001, R13=0x0000000025f18800, R14=0x0000000000000001, R15=0x0000000000190073
RIP=0x0000000073f56eeb, EFLAGS=0x0000000000010202

Top of Stack: (sp=0x000000002988c6d0)
0x000000002988c6d0:   000000001e82f570 000000001e8e5c30
0x000000002988c6e0:   0000000000000000 00000007c083bb80
0x000000002988c6f0:   0000000000000000 00000000284ddd20
0x000000002988c700:   000000001e82f580 000000000000000c
0x000000002988c710:   0000000028469bf0 0000000073f57e06
0x000000002988c720:   00000000284e1bf8 0000000025f18800
0x000000002988c730:   0000000000000001 00000000284ddab0
0x000000002988c740:   00000000284ddd10 00000000284d8988
0x000000002988c750:   0000001400000001 0000000000000000
0x000000002988c760:   0000000000000007 000000001e82f5a0
0x000000002988c770:   0000000000000060 000000000000000c
0x000000002988c780:   000000001e82f580 0000000073f59620
0x000000002988c790:   0000000028469bf0 00000000284e1bf8
0x000000002988c7a0:   0000000025f18800 0000000025f18800
0x000000002988c7b0:   0000000000000001 0000000025f18800
0x000000002988c7c0:   0000000000000001 0000000000000043 

Instructions: (pc=0x0000000073f56eeb)
0x0000000073f56ecb:   41 56 41 57 48 8d 6c 24 e9 48 81 ec d8 00 00 00
0x0000000073f56edb:   4d 8b b8 80 01 00 00 48 8b f9 8b 0d 3d 99 68 00
0x0000000073f56eeb:   49 63 37 ff 15 fc 44 4b 00 48 8d 4d d7 48 8b d0
0x0000000073f56efb:   e8 80 b6 0e 00 48 8b 4d 6f e8 17 e2 ff ff 4c 8b 


Register to memory mapping:

RAX=0x000000002988ca30 is pointing into the stack for thread: 0x0000000025f18800
RBX=0x00000007c084ec60 is pointing into metadata
RCX=0x000000000000000e is an unknown value
RDX=0x0000000000000238 is an unknown value
RSP=0x000000002988c6d0 is pointing into the stack for thread: 0x0000000025f18800
RBP=0x000000002988c791 is pointing into the stack for thread: 0x0000000025f18800
RSI=0x0000000000000000 is an unknown value
RDI=0x000000001e82f640 is an unknown value
R8 ={method} {0x0000000028469748} 'setBlank' '()V' in 'org/apache/poi/ss/usermodel/Cell'
R9 =0x0000000000000001 is an unknown value
R10=0x0000000000000042 is an unknown value
R11=0x0000000000000042 is an unknown value
R12=0x0000000000000001 is an unknown value
R13=0x0000000025f18800 is a thread
R14=0x0000000000000001 is an unknown value
R15=0x0000000000190073 is an unknown value


Stack: [0x0000000029790000,0x0000000029890000],  sp=0x000000002988c6d0,  free space=1009k
Native frames: (J=compiled Java code, j=interpreted, Vv=VM code, C=native code)
V  [jvm.dll+0x126eeb]
V  [jvm.dll+0x127f72]
V  [jvm.dll+0x1103ad]
V  [jvm.dll+0x114ab7]
V  [jvm.dll+0x114f95]
V  [jvm.dll+0xbb4cd]
C  0x0000000005fa5335

Java frames: (J=compiled Java code, j=interpreted, Vv=VM code)
j  org.apache.poi.xssf.usermodel.XSSFRow.createCell(ILorg/apache/poi/ss/usermodel/CellType;)Lorg/apache/poi/xssf/usermodel/XSSFCell;+59
j  org.apache.poi.xssf.usermodel.XSSFRow.createCell(I)Lorg/apache/poi/xssf/usermodel/XSSFCell;+5
j  org.apache.poi.xssf.usermodel.XSSFRow.createCell(I)Lorg/apache/poi/ss/usermodel/Cell;+2
j  com.mindtree.hospitalmanagmentsystem.service.impl.HospitalManagmentImpl.writeIntoExcelSheet()V+25
j  com.mindtree.hospitalmanagmentsystem.controller.HospitalManagmentController.writeintoExcelSheet()Ljava/lang/String;+4
v  ~StubRoutines::call_stub
J 2162  sun.reflect.NativeMethodAccessorImpl.invoke0(Ljava/lang/reflect/Method;Ljava/lang/Object;[Ljava/lang/Object;)Ljava/lang/Object; (0 bytes) @ 0x000000000662d07f [0x000000000662d000+0x7f]
J 2161 C1 sun.reflect.NativeMethodAccessorImpl.invoke(Ljava/lang/Object;[Ljava/lang/Object;)Ljava/lang/Object; (104 bytes) @ 0x00000000066373bc [0x00000000066361c0+0x11fc]
J 3607 C2 java.lang.reflect.Method.invoke(Ljava/lang/Object;[Ljava/lang/Object;)Ljava/lang/Object; (62 bytes) @ 0x0000000006bd6774 [0x0000000006bd66c0+0xb4]
j  org.springframework.web.method.support.InvocableHandlerMethod.doInvoke([Ljava/lang/Object;)Ljava/lang/Object;+16
j  org.springframework.web.method.support.InvocableHandlerMethod.invokeForRequest(Lorg/springframework/web/context/request/NativeWebRequest;Lorg/springframework/web/method/support/ModelAndViewContainer;[Ljava/lang/Object;)Ljava/lang/Object;+56
j  org.springframework.web.servlet.mvc.method.annotation.ServletInvocableHandlerMethod.invokeAndHandle(Lorg/springframework/web/context/request/ServletWebRequest;Lorg/springframework/web/method/support/ModelAndViewContainer;[Ljava/lang/Object;)V+4
j  org.springframework.web.servlet.mvc.method.annotation.RequestMappingHandlerAdapter.invokeHandlerMethod(Ljavax/servlet/http/HttpServletRequest;Ljavax/servlet/http/HttpServletResponse;Lorg/springframework/web/method/HandlerMethod;)Lorg/springframework/web/servlet/ModelAndView;+244
j  org.springframework.web.servlet.mvc.method.annotation.RequestMappingHandlerAdapter.handleInternal(Ljavax/servlet/http/HttpServletRequest;Ljavax/servlet/http/HttpServletResponse;Lorg/springframework/web/method/HandlerMethod;)Lorg/springframework/web/servlet/ModelAndView;+81
j  org.springframework.web.servlet.mvc.method.AbstractHandlerMethodAdapter.handle(Ljavax/servlet/http/HttpServletRequest;Ljavax/servlet/http/HttpServletResponse;Ljava/lang/Object;)Lorg/springframework/web/servlet/ModelAndView;+7
j  org.springframework.web.servlet.DispatcherServlet.doDispatch(Ljavax/servlet/http/HttpServletRequest;Ljavax/servlet/http/HttpServletResponse;)V+257
j  org.springframework.web.servlet.DispatcherServlet.doService(Ljavax/servlet/http/HttpServletRequest;Ljavax/servlet/http/HttpServletResponse;)V+212
j  org.springframework.web.servlet.FrameworkServlet.processRequest(Ljavax/servlet/http/HttpServletRequest;Ljavax/servlet/http/HttpServletResponse;)V+71
j  org.springframework.web.servlet.FrameworkServlet.doGet(Ljavax/servlet/http/HttpServletRequest;Ljavax/servlet/http/HttpServletResponse;)V+3
j  javax.servlet.http.HttpServlet.service(Ljavax/servlet/http/HttpServletRequest;Ljavax/servlet/http/HttpServletResponse;)V+35
j  org.springframework.web.servlet.FrameworkServlet.service(Ljavax/servlet/http/HttpServletRequest;Ljavax/servlet/http/HttpServletResponse;)V+33
j  javax.servlet.http.HttpServlet.service(Ljavax/servlet/ServletRequest;Ljavax/servlet/ServletResponse;)V+36
j  org.apache.catalina.core.ApplicationFilterChain.internalDoFilter(Ljavax/servlet/ServletRequest;Ljavax/servlet/ServletResponse;)V+304
j  org.apache.catalina.core.ApplicationFilterChain.doFilter(Ljavax/servlet/ServletRequest;Ljavax/servlet/ServletResponse;)V+101
j  org.apache.tomcat.websocket.server.WsFilter.doFilter(Ljavax/servlet/ServletRequest;Ljavax/servlet/ServletResponse;Ljavax/servlet/FilterChain;)V+21
j  org.apache.catalina.core.ApplicationFilterChain.internalDoFilter(Ljavax/servlet/ServletRequest;Ljavax/servlet/ServletResponse;)V+135
j  org.apache.catalina.core.ApplicationFilterChain.doFilter(Ljavax/servlet/ServletRequest;Ljavax/servlet/ServletResponse;)V+101
j  org.springframework.web.filter.RequestContextFilter.doFilterInternal(Ljavax/servlet/http/HttpServletRequest;Ljavax/servlet/http/HttpServletResponse;Ljavax/servlet/FilterChain;)V+21
j  org.springframework.web.filter.OncePerRequestFilter.doFilter(Ljavax/servlet/ServletRequest;Ljavax/servlet/ServletResponse;Ljavax/servlet/FilterChain;)V+147
j  org.apache.catalina.core.ApplicationFilterChain.internalDoFilter(Ljavax/servlet/ServletRequest;Ljavax/servlet/ServletResponse;)V+135
j  org.apache.catalina.core.ApplicationFilterChain.doFilter(Ljavax/servlet/ServletRequest;Ljavax/servlet/ServletResponse;)V+101
j  org.springframework.web.filter.FormContentFilter.doFilterInternal(Ljavax/servlet/http/HttpServletRequest;Ljavax/servlet/http/HttpServletResponse;Ljavax/servlet/FilterChain;)V+38
j  org.springframework.web.filter.OncePerRequestFilter.doFilter(Ljavax/servlet/ServletRequest;Ljavax/servlet/ServletResponse;Ljavax/servlet/FilterChain;)V+147
j  org.apache.catalina.core.ApplicationFilterChain.internalDoFilter(Ljavax/servlet/ServletRequest;Ljavax/servlet/ServletResponse;)V+135
j  org.apache.catalina.core.ApplicationFilterChain.doFilter(Ljavax/servlet/ServletRequest;Ljavax/servlet/ServletResponse;)V+101
j  org.springframework.web.filter.CharacterEncodingFilter.doFilterInternal(Ljavax/servlet/http/HttpServletRequest;Ljavax/servlet/http/HttpServletResponse;Ljavax/servlet/FilterChain;)V+53
j  org.springframework.web.filter.OncePerRequestFilter.doFilter(Ljavax/servlet/ServletRequest;Ljavax/servlet/ServletResponse;Ljavax/servlet/FilterChain;)V+147
j  org.apache.catalina.core.ApplicationFilterChain.internalDoFilter(Ljavax/servlet/ServletRequest;Ljavax/servlet/ServletResponse;)V+135
j  org.apache.catalina.core.ApplicationFilterChain.doFilter(Ljavax/servlet/ServletRequest;Ljavax/servlet/ServletResponse;)V+101
j  org.apache.catalina.core.StandardWrapperValve.invoke(Lorg/apache/catalina/connector/Request;Lorg/apache/catalina/connector/Response;)V+694
j  org.apache.catalina.core.StandardContextValve.invoke(Lorg/apache/catalina/connector/Request;Lorg/apache/catalina/connector/Response;)V+166
j  org.apache.catalina.authenticator.AuthenticatorBase.invoke(Lorg/apache/catalina/connector/Request;Lorg/apache/catalina/connector/Response;)V+260
j  org.apache.catalina.core.StandardHostValve.invoke(Lorg/apache/catalina/connector/Request;Lorg/apache/catalina/connector/Response;)V+114
j  org.apache.catalina.valves.ErrorReportValve.invoke(Lorg/apache/catalina/connector/Request;Lorg/apache/catalina/connector/Response;)V+6
j  org.apache.catalina.core.StandardEngineValve.invoke(Lorg/apache/catalina/connector/Request;Lorg/apache/catalina/connector/Response;)V+45
j  org.apache.catalina.connector.CoyoteAdapter.service(Lorg/apache/coyote/Request;Lorg/apache/coyote/Response;)V+199
j  org.apache.coyote.http11.Http11Processor.service(Lorg/apache/tomcat/util/net/SocketWrapperBase;)Lorg/apache/tomcat/util/net/AbstractEndpoint$Handler$SocketState;+784
j  org.apache.coyote.AbstractProcessorLight.process(Lorg/apache/tomcat/util/net/SocketWrapperBase;Lorg/apache/tomcat/util/net/SocketEvent;)Lorg/apache/tomcat/util/net/AbstractEndpoint$Handler$SocketState;+113
j  org.apache.coyote.AbstractProtocol$ConnectionHandler.process(Lorg/apache/tomcat/util/net/SocketWrapperBase;Lorg/apache/tomcat/util/net/SocketEvent;)Lorg/apache/tomcat/util/net/AbstractEndpoint$Handler$SocketState;+442
j  org.apache.tomcat.util.net.NioEndpoint$SocketProcessor.doRun()V+221
j  org.apache.tomcat.util.net.SocketProcessorBase.run()V+21
j  java.util.concurrent.ThreadPoolExecutor.runWorker(Ljava/util/concurrent/ThreadPoolExecutor$Worker;)V+95
j  java.util.concurrent.ThreadPoolExecutor$Worker.run()V+5
j  org.apache.tomcat.util.threads.TaskThread$WrappingRunnable.run()V+4
j  java.lang.Thread.run()V+11
v  ~StubRoutines::call_stub

---------------  P R O C E S S  ---------------

Java Threads: ( => current thread )
  0x00000000246a3000 JavaThread "DestroyJavaVM" [_thread_blocked, id=17488, stack(0x0000000000d20000,0x0000000000e20000)]
  0x00000000246aa000 JavaThread "http-nio-8080-Acceptor" daemon [_thread_in_native, id=17524, stack(0x000000002a290000,0x000000002a390000)]
  0x00000000246a7800 JavaThread "http-nio-8080-ClientPoller" daemon [_thread_in_native, id=18776, stack(0x000000002a190000,0x000000002a290000)]
  0x00000000246a4000 JavaThread "http-nio-8080-exec-10" daemon [_thread_blocked, id=29268, stack(0x000000002a090000,0x000000002a190000)]
  0x00000000246a8800 JavaThread "http-nio-8080-exec-9" daemon [_thread_blocked, id=23612, stack(0x0000000029f90000,0x000000002a090000)]
  0x000000001e836800 JavaThread "http-nio-8080-exec-8" daemon [_thread_blocked, id=23568, stack(0x0000000029e90000,0x0000000029f90000)]
  0x000000001e835800 JavaThread "http-nio-8080-exec-7" daemon [_thread_blocked, id=28532, stack(0x0000000029d90000,0x0000000029e90000)]
  0x000000001e833800 JavaThread "http-nio-8080-exec-6" daemon [_thread_blocked, id=28424, stack(0x0000000029c90000,0x0000000029d90000)]
  0x000000001e831000 JavaThread "http-nio-8080-exec-5" daemon [_thread_blocked, id=29284, stack(0x0000000029b90000,0x0000000029c90000)]
  0x000000001e838000 JavaThread "http-nio-8080-exec-4" daemon [_thread_blocked, id=16120, stack(0x0000000029a90000,0x0000000029b90000)]
  0x000000001e837000 JavaThread "http-nio-8080-exec-3" daemon [_thread_blocked, id=9316, stack(0x0000000029990000,0x0000000029a90000)]
  0x000000001e832800 JavaThread "http-nio-8080-exec-2" daemon [_thread_blocked, id=26844, stack(0x0000000029890000,0x0000000029990000)]
=>0x0000000025f18800 JavaThread "http-nio-8080-exec-1" daemon [_thread_in_vm, id=25208, stack(0x0000000029790000,0x0000000029890000)]
  0x0000000024e35000 JavaThread "http-nio-8080-BlockPoller" daemon [_thread_in_native, id=24884, stack(0x0000000027ca0000,0x0000000027da0000)]
  0x0000000023e30000 JavaThread "HikariPool-1 housekeeper" daemon [_thread_blocked, id=24288, stack(0x00000000272a0000,0x00000000273a0000)]
  0x000000002250b800 JavaThread "Abandoned connection cleanup thread" daemon [_thread_blocked, id=18640, stack(0x00000000258d0000,0x00000000259d0000)]
  0x0000000023e34000 JavaThread "container-0" [_thread_blocked, id=28212, stack(0x00000000257d0000,0x00000000258d0000)]
  0x000000002295f800 JavaThread "Catalina-utility-2" [_thread_blocked, id=26080, stack(0x0000000024440000,0x0000000024540000)]
  0x0000000022790000 JavaThread "Catalina-utility-1" [_thread_blocked, id=24004, stack(0x00000000240a0000,0x00000000241a0000)]
  0x000000001e8c3800 JavaThread "Service Thread" daemon [_thread_blocked, id=27332, stack(0x000000001f3f0000,0x000000001f4f0000)]
  0x000000001e834000 JavaThread "C1 CompilerThread3" daemon [_thread_blocked, id=23332, stack(0x000000001f2f0000,0x000000001f3f0000)]
  0x000000001e832000 JavaThread "C2 CompilerThread2" daemon [_thread_blocked, id=27836, stack(0x000000001f1f0000,0x000000001f2f0000)]
  0x000000001e824000 JavaThread "C2 CompilerThread1" daemon [_thread_blocked, id=26596, stack(0x000000001f0f0000,0x000000001f1f0000)]
  0x000000001e820800 JavaThread "C2 CompilerThread0" daemon [_thread_blocked, id=26940, stack(0x000000001eff0000,0x000000001f0f0000)]
  0x000000001e81e000 JavaThread "Attach Listener" daemon [_thread_blocked, id=29352, stack(0x000000001eef0000,0x000000001eff0000)]
  0x000000001e81a800 JavaThread "Signal Dispatcher" daemon [_thread_blocked, id=17176, stack(0x000000001edf0000,0x000000001eef0000)]
  0x000000000125d800 JavaThread "Finalizer" daemon [_thread_blocked, id=26000, stack(0x000000001ebf0000,0x000000001ecf0000)]
  0x000000000125a000 JavaThread "Reference Handler" daemon [_thread_blocked, id=25288, stack(0x000000001e6f0000,0x000000001e7f0000)]

Other Threads:
  0x0000000003d89800 VMThread [stack: 0x000000001e5f0000,0x000000001e6f0000] [id=26364]
  0x000000001e923000 WatcherThread [stack: 0x000000001f4f0000,0x000000001f5f0000] [id=22420]

VM state:not at safepoint (normal execution)

VM Mutex/Monitor currently owned by a thread: None

Heap:
 PSYoungGen      total 193536K, used 22554K [0x000000076b700000, 0x000000077ad80000, 0x00000007c0000000)
  eden space 175104K, 12% used [0x000000076b700000,0x000000076cd069a0,0x0000000776200000)
  from space 18432K, 0% used [0x0000000777300000,0x0000000777300000,0x0000000778500000)
  to   space 17408K, 0% used [0x0000000776200000,0x0000000776200000,0x0000000777300000)
 ParOldGen       total 201216K, used 18371K [0x00000006c2400000, 0x00000006ce880000, 0x000000076b700000)
  object space 201216K, 9% used [0x00000006c2400000,0x00000006c35f0c00,0x00000006ce880000)
 Metaspace       used 57958K, capacity 60812K, committed 61080K, reserved 1101824K
  class space    used 8062K, capacity 8529K, committed 8624K, reserved 1048576K

Card table byte_map: [0x0000000001620000,0x0000000001e10000] byte_map_base: 0xfffffffffe00e000

Marking Bits: (ParMarkBitMap*) 0x000000007464a6c0
 Begin Bits: [0x0000000014f80000, 0x0000000018ef0000)
 End Bits:   [0x0000000018ef0000, 0x000000001ce60000)

Polling page: 0x00000000006b0000

CodeCache: size=245760Kb used=14610Kb max_used=15523Kb free=231150Kb
 bounds [0x0000000005f80000, 0x0000000006ee0000, 0x0000000014f80000]
 total_blobs=4516 nmethods=3959 adapters=469
 compilation: enabled

Compilation events (10 events):
Event: 19.131 Thread 0x000000001e834000 nmethod 4418 0x000000000661f190 code [0x000000000661f2e0, 0x000000000661f430]
Event: 19.131 Thread 0x000000001e824000 nmethod 4417 0x000000000624d0d0 code [0x000000000624d260, 0x000000000624d5d0]
Event: 19.137 Thread 0x000000001e834000 4420       3       org.apache.xmlbeans.impl.schema.SchemaTypeSystemImpl$XsbReader::readPropertyData (266 bytes)
Event: 19.140 Thread 0x000000001e834000 nmethod 4420 0x0000000006201a50 code [0x0000000006202360, 0x0000000006207db8]
Event: 19.140 Thread 0x000000001e834000 4419       3       org.apache.xmlbeans.impl.schema.SchemaTypeSystemImpl$XsbReader::readSOAPArrayType (26 bytes)
Event: 19.141 Thread 0x000000001e834000 nmethod 4419 0x0000000006307950 code [0x0000000006307ba0, 0x00000000063088f8]
Event: 19.141 Thread 0x000000001e834000 4422       3       org.apache.xmlbeans.impl.store.Cur::moveTo (7 bytes)
Event: 19.141 Thread 0x000000001e834000 nmethod 4422 0x0000000006815cd0 code [0x0000000006815e40, 0x0000000006816048]
Event: 19.141 Thread 0x000000001e834000 4421       1       org.apache.xmlbeans.impl.store.Xobj::get_locale (5 bytes)
Event: 19.141 Thread 0x000000001e834000 nmethod 4421 0x000000000667a6d0 code [0x000000000667a820, 0x000000000667a930]

GC Heap History (10 events):
Event: 3.578 GC heap before
{Heap before GC invocations=7 (full 2):
 PSYoungGen      total 104448K, used 10199K [0x000000076b700000, 0x0000000775300000, 0x00000007c0000000)
  eden space 93696K, 0% used [0x000000076b700000,0x000000076b700000,0x0000000771280000)
  from space 10752K, 94% used [0x0000000771280000,0x0000000771c75d70,0x0000000771d00000)
  to   space 13824K, 0% used [0x0000000774580000,0x0000000774580000,0x0000000775300000)
 ParOldGen       total 107520K, used 10116K [0x00000006c2400000, 0x00000006c8d00000, 0x000000076b700000)
  object space 107520K, 9% used [0x00000006c2400000,0x00000006c2de1080,0x00000006c8d00000)
 Metaspace       used 33593K, capacity 35272K, committed 35496K, reserved 1079296K
  class space    used 4444K, capacity 4763K, committed 4784K, reserved 1048576K
Event: 3.626 GC heap after
Heap after GC invocations=7 (full 2):
 PSYoungGen      total 104448K, used 0K [0x000000076b700000, 0x0000000775300000, 0x00000007c0000000)
  eden space 93696K, 0% used [0x000000076b700000,0x000000076b700000,0x0000000771280000)
  from space 10752K, 0% used [0x0000000771280000,0x0000000771280000,0x0000000771d00000)
  to   space 13824K, 0% used [0x0000000774580000,0x0000000774580000,0x0000000775300000)
 ParOldGen       total 168960K, used 14504K [0x00000006c2400000, 0x00000006cc900000, 0x000000076b700000)
  object space 168960K, 8% used [0x00000006c2400000,0x00000006c322a380,0x00000006cc900000)
 Metaspace       used 33593K, capacity 35272K, committed 35496K, reserved 1079296K
  class space    used 4444K, capacity 4763K, committed 4784K, reserved 1048576K
}
Event: 4.625 GC heap before
{Heap before GC invocations=8 (full 2):
 PSYoungGen      total 104448K, used 93696K [0x000000076b700000, 0x0000000775300000, 0x00000007c0000000)
  eden space 93696K, 100% used [0x000000076b700000,0x0000000771280000,0x0000000771280000)
  from space 10752K, 0% used [0x0000000771280000,0x0000000771280000,0x0000000771d00000)
  to   space 13824K, 0% used [0x0000000774580000,0x0000000774580000,0x0000000775300000)
 ParOldGen       total 168960K, used 14504K [0x00000006c2400000, 0x00000006cc900000, 0x000000076b700000)
  object space 168960K, 8% used [0x00000006c2400000,0x00000006c322a380,0x00000006cc900000)
 Metaspace       used 44227K, capacity 46056K, committed 46376K, reserved 1089536K
  class space    used 6004K, capacity 6353K, committed 6448K, reserved 1048576K
Event: 4.634 GC heap after
Heap after GC invocations=8 (full 2):
 PSYoungGen      total 144384K, used 11808K [0x000000076b700000, 0x0000000775380000, 0x00000007c0000000)
  eden space 130560K, 0% used [0x000000076b700000,0x000000076b700000,0x0000000773680000)
  from space 13824K, 85% used [0x0000000774580000,0x0000000775108248,0x0000000775300000)
  to   space 14848K, 0% used [0x0000000773680000,0x0000000773680000,0x0000000774500000)
 ParOldGen       total 168960K, used 14512K [0x00000006c2400000, 0x00000006cc900000, 0x000000076b700000)
  object space 168960K, 8% used [0x00000006c2400000,0x00000006c322c380,0x00000006cc900000)
 Metaspace       used 44227K, capacity 46056K, committed 46376K, reserved 1089536K
  class space    used 6004K, capacity 6353K, committed 6448K, reserved 1048576K
}
Event: 18.773 GC heap before
{Heap before GC invocations=9 (full 2):
 PSYoungGen      total 144384K, used 142368K [0x000000076b700000, 0x0000000775380000, 0x00000007c0000000)
  eden space 130560K, 100% used [0x000000076b700000,0x0000000773680000,0x0000000773680000)
  from space 13824K, 85% used [0x0000000774580000,0x0000000775108248,0x0000000775300000)
  to   space 14848K, 0% used [0x0000000773680000,0x0000000773680000,0x0000000774500000)
 ParOldGen       total 168960K, used 14512K [0x00000006c2400000, 0x00000006cc900000, 0x000000076b700000)
  object space 168960K, 8% used [0x00000006c2400000,0x00000006c322c380,0x00000006cc900000)
 Metaspace       used 55548K, capacity 58316K, committed 58536K, reserved 1099776K
  class space    used 7624K, capacity 8081K, committed 8112K, reserved 1048576K
Event: 18.787 GC heap after
Heap after GC invocations=9 (full 2):
 PSYoungGen      total 145408K, used 14826K [0x000000076b700000, 0x0000000778500000, 0x00000007c0000000)
  eden space 130560K, 0% used [0x000000076b700000,0x000000076b700000,0x0000000773680000)
  from space 14848K, 99% used [0x0000000773680000,0x00000007744fabc0,0x0000000774500000)
  to   space 18432K, 0% used [0x0000000777300000,0x0000000777300000,0x0000000778500000)
 ParOldGen       total 168960K, used 17239K [0x00000006c2400000, 0x00000006cc900000, 0x000000076b700000)
  object space 168960K, 10% used [0x00000006c2400000,0x00000006c34d5c58,0x00000006cc900000)
 Metaspace       used 55548K, capacity 58316K, committed 58536K, reserved 1099776K
  class space    used 7624K, capacity 8081K, committed 8112K, reserved 1048576K
}
Event: 18.833 GC heap before
{Heap before GC invocations=10 (full 2):
 PSYoungGen      total 145408K, used 18891K [0x000000076b700000, 0x0000000778500000, 0x00000007c0000000)
  eden space 130560K, 3% used [0x000000076b700000,0x000000076baf8268,0x0000000773680000)
  from space 14848K, 99% used [0x0000000773680000,0x00000007744fabc0,0x0000000774500000)
  to   space 18432K, 0% used [0x0000000777300000,0x0000000777300000,0x0000000778500000)
 ParOldGen       total 168960K, used 17239K [0x00000006c2400000, 0x00000006cc900000, 0x000000076b700000)
  object space 168960K, 10% used [0x00000006c2400000,0x00000006c34d5c58,0x00000006cc900000)
 Metaspace       used 56155K, capacity 58956K, committed 59160K, reserved 1099776K
  class space    used 7682K, capacity 8145K, committed 8240K, reserved 1048576K
Event: 18.840 GC heap after
Heap after GC invocations=10 (full 2):
 PSYoungGen      total 193536K, used 9394K [0x000000076b700000, 0x000000077ad80000, 0x00000007c0000000)
  eden space 175104K, 0% used [0x000000076b700000,0x000000076b700000,0x0000000776200000)
  from space 18432K, 50% used [0x0000000777300000,0x0000000777c2c8e0,0x0000000778500000)
  to   space 17408K, 0% used [0x0000000776200000,0x0000000776200000,0x0000000777300000)
 ParOldGen       total 168960K, used 17247K [0x00000006c2400000, 0x00000006cc900000, 0x000000076b700000)
  object space 168960K, 10% used [0x00000006c2400000,0x00000006c34d7c58,0x00000006cc900000)
 Metaspace       used 56155K, capacity 58956K, committed 59160K, reserved 1099776K
  class space    used 7682K, capacity 8145K, committed 8240K, reserved 1048576K
}
Event: 18.840 GC heap before
{Heap before GC invocations=11 (full 3):
 PSYoungGen      total 193536K, used 9394K [0x000000076b700000, 0x000000077ad80000, 0x00000007c0000000)
  eden space 175104K, 0% used [0x000000076b700000,0x000000076b700000,0x0000000776200000)
  from space 18432K, 50% used [0x0000000777300000,0x0000000777c2c8e0,0x0000000778500000)
  to   space 17408K, 0% used [0x0000000776200000,0x0000000776200000,0x0000000777300000)
 ParOldGen       total 168960K, used 17247K [0x00000006c2400000, 0x00000006cc900000, 0x000000076b700000)
  object space 168960K, 10% used [0x00000006c2400000,0x00000006c34d7c58,0x00000006cc900000)
 Metaspace       used 56155K, capacity 58956K, committed 59160K, reserved 1099776K
  class space    used 7682K, capacity 8145K, committed 8240K, reserved 1048576K
Event: 18.956 GC heap after
Heap after GC invocations=11 (full 3):
 PSYoungGen      total 193536K, used 0K [0x000000076b700000, 0x000000077ad80000, 0x00000007c0000000)
  eden space 175104K, 0% used [0x000000076b700000,0x000000076b700000,0x0000000776200000)
  from space 18432K, 0% used [0x0000000777300000,0x0000000777300000,0x0000000778500000)
  to   space 17408K, 0% used [0x0000000776200000,0x0000000776200000,0x0000000777300000)
 ParOldGen       total 201216K, used 18371K [0x00000006c2400000, 0x00000006ce880000, 0x000000076b700000)
  object space 201216K, 9% used [0x00000006c2400000,0x00000006c35f0c00,0x00000006ce880000)
 Metaspace       used 56155K, capacity 58956K, committed 59160K, reserved 1099776K
  class space    used 7682K, capacity 8145K, committed 8240K, reserved 1048576K
}

Deoptimization events (10 events):
Event: 5.759 Thread 0x0000000001165800 Uncommon trap: reason=unstable_if action=reinterpret pc=0x0000000006377bb0 method=java.util.concurrent.ConcurrentHashMap.transfer([Ljava/util/concurrent/ConcurrentHashMap$Node;[Ljava/util/concurrent/ConcurrentHashMap$Node;)V @ 356
Event: 5.759 Thread 0x0000000001165800 Uncommon trap: reason=unstable_if action=reinterpret pc=0x00000000063440dc method=java.util.concurrent.ConcurrentHashMap.transfer([Ljava/util/concurrent/ConcurrentHashMap$Node;[Ljava/util/concurrent/ConcurrentHashMap$Node;)V @ 356
Event: 5.851 Thread 0x0000000001165800 Uncommon trap: reason=unstable_if action=reinterpret pc=0x00000000067cb798 method=org.springframework.util.ConcurrentReferenceHashMap$Segment.clear()V @ 7
Event: 13.227 Thread 0x000000002295f800 Uncommon trap: reason=bimorphic action=maybe_recompile pc=0x0000000006c528c0 method=java.util.TreeMap.put(Ljava/lang/Object;Ljava/lang/Object;)Ljava/lang/Object; @ 68
Event: 13.227 Thread 0x000000002295f800 Uncommon trap: reason=bimorphic action=maybe_recompile pc=0x0000000006c528c0 method=java.util.TreeMap.put(Ljava/lang/Object;Ljava/lang/Object;)Ljava/lang/Object; @ 68
Event: 13.227 Thread 0x000000002295f800 Uncommon trap: reason=bimorphic action=maybe_recompile pc=0x0000000006c528c0 method=java.util.TreeMap.put(Ljava/lang/Object;Ljava/lang/Object;)Ljava/lang/Object; @ 68
Event: 18.713 Thread 0x0000000025f18800 Uncommon trap: reason=bimorphic action=maybe_recompile pc=0x000000000667d424 method=java.util.regex.Matcher.match(II)Z @ 86
Event: 18.713 Thread 0x0000000025f18800 Uncommon trap: reason=unstable_if action=reinterpret pc=0x000000000667d3d4 method=java.util.regex.Matcher.match(II)Z @ 30
Event: 18.956 Thread 0x000000000125a000 Uncommon trap: reason=unstable_if action=reinterpret pc=0x0000000006583278 method=java.lang.ref.Reference.tryHandlePending(Z)Z @ 20
Event: 19.001 Thread 0x0000000025f18800 Uncommon trap: reason=unstable_if action=reinterpret pc=0x0000000006187570 method=org.apache.xmlbeans.impl.schema.SchemaTypeSystemImpl$StringPool.stringForCode(I)Ljava/lang/String; @ 1

Internal exceptions (10 events):
Event: 18.959 Thread 0x0000000025f18800 Exception <a 'java/security/PrivilegedActionException'> (0x000000076b7eb068) thrown at [C:\re\workspace\8-2-build-windows-amd64-cygwin\jdk8u102\7268\hotspot\src\share\vm\prims\jvm.cpp, line 1386]
Event: 18.959 Thread 0x0000000025f18800 Exception <a 'java/security/PrivilegedActionException'> (0x000000076b7eb830) thrown at [C:\re\workspace\8-2-build-windows-amd64-cygwin\jdk8u102\7268\hotspot\src\share\vm\prims\jvm.cpp, line 1386]
Event: 18.959 Thread 0x0000000025f18800 Exception <a 'java/security/PrivilegedActionException'> (0x000000076b8063a8) thrown at [C:\re\workspace\8-2-build-windows-amd64-cygwin\jdk8u102\7268\hotspot\src\share\vm\prims\jvm.cpp, line 1386]
Event: 18.960 Thread 0x0000000025f18800 Exception <a 'java/security/PrivilegedActionException'> (0x000000076b806b70) thrown at [C:\re\workspace\8-2-build-windows-amd64-cygwin\jdk8u102\7268\hotspot\src\share\vm\prims\jvm.cpp, line 1386]
Event: 18.960 Thread 0x0000000025f18800 Exception <a 'java/security/PrivilegedActionException'> (0x000000076b811338) thrown at [C:\re\workspace\8-2-build-windows-amd64-cygwin\jdk8u102\7268\hotspot\src\share\vm\prims\jvm.cpp, line 1386]
Event: 18.960 Thread 0x0000000025f18800 Exception <a 'java/security/PrivilegedActionException'> (0x000000076b811b00) thrown at [C:\re\workspace\8-2-build-windows-amd64-cygwin\jdk8u102\7268\hotspot\src\share\vm\prims\jvm.cpp, line 1386]
Event: 18.960 Thread 0x0000000025f18800 Exception <a 'java/security/PrivilegedActionException'> (0x000000076b81c348) thrown at [C:\re\workspace\8-2-build-windows-amd64-cygwin\jdk8u102\7268\hotspot\src\share\vm\prims\jvm.cpp, line 1386]
Event: 18.960 Thread 0x0000000025f18800 Exception <a 'java/security/PrivilegedActionException'> (0x000000076b81cb10) thrown at [C:\re\workspace\8-2-build-windows-amd64-cygwin\jdk8u102\7268\hotspot\src\share\vm\prims\jvm.cpp, line 1386]
Event: 18.960 Thread 0x0000000025f18800 Exception <a 'java/security/PrivilegedActionException'> (0x000000076b827828) thrown at [C:\re\workspace\8-2-build-windows-amd64-cygwin\jdk8u102\7268\hotspot\src\share\vm\prims\jvm.cpp, line 1386]
Event: 18.960 Thread 0x0000000025f18800 Exception <a 'java/security/PrivilegedActionException'> (0x000000076b827ff0) thrown at [C:\re\workspace\8-2-build-windows-amd64-cygwin\jdk8u102\7268\hotspot\src\share\vm\prims\jvm.cpp, line 1386]

Events (10 events):
Event: 19.142 loading class org/openxmlformats/schemas/spreadsheetml/x2006/main/STCellType$Enum
Event: 19.142 loading class org/openxmlformats/schemas/spreadsheetml/x2006/main/STCellType$Enum done
Event: 19.143 loading class org/apache/poi/xssf/usermodel/XSSFCell
Event: 19.143 loading class org/apache/poi/xssf/usermodel/XSSFCell done
Event: 19.144 loading class org/apache/poi/ss/usermodel/RichTextString
Event: 19.144 loading class org/apache/poi/ss/usermodel/RichTextString done
Event: 19.145 loading class org/apache/poi/ss/formula/FormulaParsingWorkbook
Event: 19.145 loading class org/apache/poi/ss/formula/FormulaParsingWorkbook done
Event: 19.145 loading class org/apache/poi/ss/formula/FormulaRenderingWorkbook
Event: 19.145 loading class org/apache/poi/ss/formula/FormulaRenderingWorkbook done


Dynamic libraries:
0x00007ff6bd500000 - 0x00007ff6bd537000 	C:\Program Files\Java\jdk1.8.0_102\bin\javaw.exe
0x00007ffec20e0000 - 0x00007ffec22cd000 	C:\windows\SYSTEM32\ntdll.dll
0x00007ffebfe90000 - 0x00007ffebff43000 	C:\windows\System32\KERNEL32.DLL
0x00007ffebe520000 - 0x00007ffebe7b3000 	C:\windows\System32\KERNELBASE.dll
0x00007ffec02f0000 - 0x00007ffec0393000 	C:\windows\System32\ADVAPI32.dll
0x00007ffebf620000 - 0x00007ffebf6be000 	C:\windows\System32\msvcrt.dll
0x00007ffebf730000 - 0x00007ffebf7ce000 	C:\windows\System32\sechost.dll
0x00007ffec0720000 - 0x00007ffec0842000 	C:\windows\System32\RPCRT4.dll
0x00007ffebf300000 - 0x00007ffebf497000 	C:\windows\System32\USER32.dll
0x00007ffebf2b0000 - 0x00007ffebf2d0000 	C:\windows\System32\win32u.dll
0x00007ffebf4b0000 - 0x00007ffebf4d9000 	C:\windows\System32\GDI32.dll
0x00007ffebf110000 - 0x00007ffebf2a9000 	C:\windows\System32\gdi32full.dll
0x00007ffebe1a0000 - 0x00007ffebe240000 	C:\windows\System32\msvcp_win.dll
0x00007ffebe240000 - 0x00007ffebe33a000 	C:\windows\System32\ucrtbase.dll
0x00007ffea9a90000 - 0x00007ffea9d09000 	C:\windows\WinSxS\amd64_microsoft.windows.common-controls_6595b64144ccf1df_6.0.17763.864_none_05b3441807210760\COMCTL32.dll
0x00007ffebffc0000 - 0x00007ffec02ec000 	C:\windows\System32\combase.dll
0x00007ffebe810000 - 0x00007ffebe88e000 	C:\windows\System32\bcryptPrimitives.dll
0x00007ffec0a20000 - 0x00007ffec0a4e000 	C:\windows\System32\IMM32.DLL
0x00007ffe9c1c0000 - 0x00007ffe9c226000 	C:\Program Files\Manufacturer\Endpoint Agent\clpbm64.dll
0x00007ffec05c0000 - 0x00007ffec0715000 	C:\windows\System32\ole32.dll
0x00007ffebf610000 - 0x00007ffebf618000 	C:\windows\System32\PSAPI.DLL
0x00007ffeabc80000 - 0x00007ffeabc8c000 	C:\windows\SYSTEM32\Secur32.dll
0x00007ffeab470000 - 0x00007ffeab55f000 	C:\windows\SYSTEM32\MSVCR120.dll
0x00007ffeaaf00000 - 0x00007ffeaafa6000 	C:\windows\SYSTEM32\MSVCP120.dll
0x00007ffebe000000 - 0x00007ffebe02f000 	C:\windows\SYSTEM32\SSPICLI.DLL
0x0000000073d50000 - 0x0000000073e21000 	C:\Program Files\Java\jdk1.8.0_102\jre\bin\msvcr100.dll
0x0000000073e30000 - 0x00000000746ca000 	C:\Program Files\Java\jdk1.8.0_102\jre\bin\server\jvm.dll
0x00007ffea9610000 - 0x00007ffea9619000 	C:\windows\SYSTEM32\WSOCK32.dll
0x00007ffebf6c0000 - 0x00007ffebf72d000 	C:\windows\System32\WS2_32.dll
0x00007ffeb7300000 - 0x00007ffeb7324000 	C:\windows\SYSTEM32\WINMM.dll
0x00007ffeb4880000 - 0x00007ffeb488a000 	C:\windows\SYSTEM32\VERSION.dll
0x00007ffeb72d0000 - 0x00007ffeb72fd000 	C:\windows\SYSTEM32\winmmbase.dll
0x00007ffebe7c0000 - 0x00007ffebe80a000 	C:\windows\System32\cfgmgr32.dll
0x00007ffe9b340000 - 0x00007ffe9b3aa000 	C:\Program Files\Manufacturer\Endpoint Agent\prntm64.dll
0x00007ffebf7d0000 - 0x00007ffebf822000 	C:\windows\System32\SHLWAPI.dll
0x00007ffebfd10000 - 0x00007ffebfdd4000 	C:\windows\System32\OLEAUT32.dll
0x00007ffea9a00000 - 0x00007ffea9a89000 	C:\windows\SYSTEM32\WINSPOOL.DRV
0x00007ffebe0d0000 - 0x00007ffebe0e1000 	C:\windows\System32\kernel.appcore.dll
0x00007ffebf2d0000 - 0x00007ffebf2f6000 	C:\windows\System32\bcrypt.dll
0x00007ffebb5d0000 - 0x00007ffebb779000 	C:\windows\SYSTEM32\PROPSYS.dll
0x00007ffec0510000 - 0x00007ffec05b8000 	C:\windows\System32\shcore.dll
0x00007ffebd660000 - 0x00007ffebd69d000 	C:\windows\SYSTEM32\IPHLPAPI.DLL
0x0000000075110000 - 0x000000007511f000 	C:\Program Files\Java\jdk1.8.0_102\jre\bin\verify.dll
0x0000000074ff0000 - 0x0000000075019000 	C:\Program Files\Java\jdk1.8.0_102\jre\bin\java.dll
0x00000000750f0000 - 0x0000000075106000 	C:\Program Files\Java\jdk1.8.0_102\jre\bin\zip.dll
0x00007ffec0b50000 - 0x00007ffec2044000 	C:\windows\System32\SHELL32.dll
0x00007ffebe890000 - 0x00007ffebefdd000 	C:\windows\System32\windows.storage.dll
0x00007ffebe170000 - 0x00007ffebe194000 	C:\windows\System32\profapi.dll
0x00007ffebe0f0000 - 0x00007ffebe14d000 	C:\windows\System32\powrprof.dll
0x00007ffebf0f0000 - 0x00007ffebf107000 	C:\windows\System32\cryptsp.dll
0x0000000073d40000 - 0x0000000073d4d000 	C:\Program Files\Java\jdk1.8.0_102\jre\bin\management.dll
0x0000000074aa0000 - 0x0000000074aba000 	C:\Program Files\Java\jdk1.8.0_102\jre\bin\net.dll
0x00007ffebd940000 - 0x00007ffebd9a7000 	C:\windows\system32\mswsock.dll
0x00007ffe999e0000 - 0x00007ffe999f6000 	C:\windows\system32\napinsp.dll
0x00007ffe97060000 - 0x00007ffe9707a000 	C:\windows\system32\pnrpnsp.dll
0x00007ffebd6a0000 - 0x00007ffebd766000 	C:\windows\SYSTEM32\DNSAPI.dll
0x00007ffebf4a0000 - 0x00007ffebf4a8000 	C:\windows\System32\NSI.dll
0x00007ffeb4e50000 - 0x00007ffeb4e5e000 	C:\windows\System32\winrnr.dll
0x00007ffeb9c30000 - 0x00007ffeb9c4b000 	C:\windows\system32\NLAapi.dll
0x00007ffe991c0000 - 0x00007ffe991d5000 	C:\windows\system32\wshbth.dll
0x00007ffeb2a20000 - 0x00007ffeb2a2a000 	C:\Windows\System32\rasadhlp.dll
0x00007ffeb7810000 - 0x00007ffeb7889000 	C:\windows\System32\fwpuclnt.dll
0x00000000749b0000 - 0x00000000749c1000 	C:\Program Files\Java\jdk1.8.0_102\jre\bin\nio.dll
0x00007ffebd260000 - 0x00007ffebd293000 	C:\windows\system32\rsaenh.dll
0x00007ffebdfd0000 - 0x00007ffebdff8000 	C:\windows\SYSTEM32\USERENV.dll
0x00007ffebdb10000 - 0x00007ffebdb1c000 	C:\windows\SYSTEM32\CRYPTBASE.dll
0x00007ffeb7660000 - 0x00007ffeb7676000 	C:\windows\SYSTEM32\dhcpcsvc6.DLL
0x00007ffeb7610000 - 0x00007ffeb762c000 	C:\windows\SYSTEM32\dhcpcsvc.DLL
0x00007ffebba30000 - 0x00007ffebbc1d000 	C:\windows\SYSTEM32\dbghelp.dll

VM Arguments:
jvm_args: -Dfile.encoding=UTF-8 
java_command: com.mindtree.hospitalmanagmentsystem.App
java_class_path (initial): C:\Program Files\Java\jdk1.8.0_102\jre\lib\resources.jar;C:\Program Files\Java\jdk1.8.0_102\jre\lib\rt.jar;C:\Program Files\Java\jdk1.8.0_102\jre\lib\jsse.jar;C:\Program Files\Java\jdk1.8.0_102\jre\lib\jce.jar;C:\Program Files\Java\jdk1.8.0_102\jre\lib\charsets.jar;C:\Program Files\Java\jdk1.8.0_102\jre\lib\jfr.jar;C:\Program Files\Java\jdk1.8.0_102\jre\lib\ext\access-bridge-64.jar;C:\Program Files\Java\jdk1.8.0_102\jre\lib\ext\cldrdata.jar;C:\Program Files\Java\jdk1.8.0_102\jre\lib\ext\dnsns.jar;C:\Program Files\Java\jdk1.8.0_102\jre\lib\ext\jaccess.jar;C:\Program Files\Java\jdk1.8.0_102\jre\lib\ext\jfxrt.jar;C:\Program Files\Java\jdk1.8.0_102\jre\lib\ext\localedata.jar;C:\Program Files\Java\jdk1.8.0_102\jre\lib\ext\nashorn.jar;C:\Program Files\Java\jdk1.8.0_102\jre\lib\ext\sunec.jar;C:\Program Files\Java\jdk1.8.0_102\jre\lib\ext\sunjce_provider.jar;C:\Program Files\Java\jdk1.8.0_102\jre\lib\ext\sunmscapi.jar;C:\Program Files\Java\jdk1.8.0_102\jre\lib\ext\sunpkcs11.jar;C:\Program Files\Java\jdk1.8.0_102\jre\lib\ext\zipfs.jar;C:\Users\M1056104\git\hospital-management\hotelmanagmentsystem\target\classes;C:\Users\M1056104\.m2\repository\org\springframework\boot\spring-boot-starter-web\2.2.1.RELEASE\spring-boot-starter-web-2.2.1.RELEASE.jar;C:\Users\M1056104\.m2\repository\org\springframework\boot\spring-boot-starter\2.2.1.RELEASE\spring-boot-starter-2.2.1.RELEASE.jar;C:\Users\M1056104\.m2\repository\org\springframework\boot\spring-boot\2.2.1.RELEASE\spring-boot-2.2.1.RELEASE.jar;C:\Users\M1056104\.m2\repository\org\springframework\boot\spring-boot-autoconfigure\2.2.1.RELEASE\spring-boot-autoconfigure-2.2.1.RELEASE.jar;C:\Users\M1056104\.m2\repository\org\springframework\boot\spring-boot-starter-logging\2.2.1.RELEASE\spring-boot-starter-logging-2.2.1.RELEASE.jar;C:\Users\M1056104\.m2\repository\ch\qos\logback\logback-classic\1.2.3\logback-classic-1.2.3.jar;C:\Users\M1056104\.m2\repository\ch\qos\logback\logback-core\1.2.3\logback-core-1.2.3
Launcher Type: SUN_STANDARD

Environment Variables:
JAVA_HOME=C:\Program Files\Java\jdk1.8.0_102
PATH=C:/Program Files/Java/jdk1.8.0_102/bin/../jre/bin/server;C:/Program Files/Java/jdk1.8.0_102/bin/../jre/bin;C:/Program Files/Java/jdk1.8.0_102/bin/../jre/lib/amd64;C:\Program Files\Java\jdk1.8.0_102\bin;C:\ProgramData\Oracle\Java\javapath;C:\windows\system32;C:\windows;C:\windows\System32\Wbem;C:\windows\System32\WindowsPowerShell\v1.0\;C:\windows\System32\OpenSSH\;C:\Program Files (x86)\Microsoft Application Virtualization Client;C:\Program Files\Intel\WiFi\bin\;C:\Program Files\Common Files\Intel\WirelessCommon\;C:\Program Files\Microsoft VS Code\bin;D:\Softwares\apache-maven-3.5.2\bin;C:\Program Files\nodejs\;C:\Program Files\Git\cmd;C:\Users\M1056104\AppData\Local\Microsoft\WindowsApps;C:\Users\M1056104\AppData\Roaming\npm;C:\Users\M1056104\Desktop;
USERNAME=M1056104
OS=Windows_NT
PROCESSOR_IDENTIFIER=Intel64 Family 6 Model 142 Stepping 10, GenuineIntel



---------------  S Y S T E M  ---------------

OS: Windows 10.0 , 64 bit Build 17763 (10.0.17763.475)

CPU:total 8 (4 cores per cpu, 2 threads per core) family 6 model 142 stepping 10, cmov, cx8, fxsr, mmx, sse, sse2, sse3, ssse3, sse4.1, sse4.2, popcnt, avx, avx2, aes, clmul, erms, 3dnowpref, lzcnt, ht, tsc, tscinvbit, bmi1, bmi2, adx

Memory: 4k page, physical 16627892k(7612308k free), swap 28162228k(14848528k free)

vm_info: Java HotSpot(TM) 64-Bit Server VM (25.102-b14) for windows-amd64 JRE (1.8.0_102-b14), built on Jun 22 2016 13:15:21 by "java_re" with MS VC++ 10.0 (VS2010)

time: Mon Dec 23 09:10:57 2019
elapsed time: 19 seconds (0d 0h 0m 19s)

